2021-11-17 13:15:18|   0.0|  0.0|INFORM|FME 2021.1.3.0 (20211002 - Build 21631 - WIN32)
2021-11-17 13:15:18|   0.0|  0.0|INFORM|FME_HOME is 'C:\Program Files (x86)\FME_2021_3_32bit\'
2021-11-17 13:15:18|   0.0|  0.0|INFORM|FME Database Edition (floating)
2021-11-17 13:15:18|   0.0|  0.0|INFORM|Permanent License.
2021-11-17 13:15:18|   0.0|  0.0|INFORM|Machine host name is: svv-71193
2021-11-17 13:15:18|   0.0|  0.0|INFORM|Locale: nb_NO
2021-11-17 13:15:18|   0.0|  0.0|INFORM|System Encoding: windows-1252
2021-11-17 13:15:18|   0.0|  0.0|INFORM|FME Configuration: FME_BASE is 'no'
2021-11-17 13:15:18|   0.0|  0.0|INFORM|FME Configuration: FME_MF_DIR is 'C:\DATA\GitHub\iSkogli\FMEworkspace\NVDB_3D_demo/'
2021-11-17 13:15:18|   0.0|  0.0|INFORM|FME Configuration: FME_MF_NAME is 'NVDB_ut_demo_midlertidig.fmw'
2021-11-17 13:15:18|   0.0|  0.0|INFORM|FME Configuration: FME_PRODUCT_NAME is 'FME(R) 2021.1.3.0'
2021-11-17 13:15:18|   0.0|  0.0|INFORM|Operating System: Microsoft Windows 10 64-bit  (Build 18363)
2021-11-17 13:15:18|   0.0|  0.0|INFORM|FME Platform: WIN32
2021-11-17 13:15:18|   0.0|  0.0|INFORM|System Status: 182.54 GB of disk space available in the FME temporary folder (C:\Users\ingsko\AppData\Local\Temp\wbrun_1637150036877_16456\fmetmp_d)
2021-11-17 13:15:18|   0.0|  0.0|INFORM|System Status: 63.76 GB of physical memory available
2021-11-17 13:15:18|   0.0|  0.0|INFORM|System Status: 4.00 GB of virtual memory available
2021-11-17 13:15:18|   0.0|  0.0|INFORM|START - ProcessID: 19552, peak process memory usage: 58740 kB, current process memory usage: 58740 kB
2021-11-17 13:15:18|   0.0|  0.0|INFORM|FME Configuration: Command line arguments are `C:\Program Files (x86)\FME_2021_3_32bit\fme.exe' `C:/DATA/GitHub/iSkogli/FMEworkspace/NVDB_3D_demo\wb-xlate-1637151316817_16456' `LOG_STANDARDOUT' `YES' `LogCountServerName' `{0cc19b7a-040d-4a94-9552-4f07417c8e99}'
2021-11-17 13:15:18|   0.0|  0.0|INFORM|FME Configuration: Connection Storage: 'C:\Users\ingsko\AppData\Roaming\Safe Software\FME\'
2021-11-17 13:15:18|   0.0|  0.0|INFORM|Shared folders for formats are : C:\Program Files (x86)\FME_2021_3_32bit\datasources;C:\Users\ingsko\Documents\FME\Formats
2021-11-17 13:15:18|   0.0|  0.0|INFORM|Shared folders for transformers are : C:\Users\ingsko\AppData\Roaming\Safe Software\FME\Packages\21631-win32\transformers;C:\Program Files (x86)\FME_2021_3_32bit\transformers;C:\Users\ingsko\AppData\Roaming\Safe Software\FME\FME Store\Transformers
2021-11-17 13:15:18|   0.0|  0.0|INFORM|Shared folders for coordinate systems are : C:\Users\ingsko\Documents\FME\CoordinateSystems
2021-11-17 13:15:18|   0.0|  0.0|INFORM|Shared folders for coordinate system exceptions are : C:\Users\ingsko\Documents\FME\CoordinateSystemExceptions
2021-11-17 13:15:18|   0.0|  0.0|INFORM|Shared folders for coordinate system grid overrides are : C:\Users\ingsko\Documents\FME\CoordinateSystemGridOverrides
2021-11-17 13:15:18|   0.0|  0.0|INFORM|Shared folders for CS-MAP transformation exceptions are : C:\Users\ingsko\Documents\FME\CsmapTransformationExceptions
2021-11-17 13:15:18|   0.0|  0.0|INFORM|Shared folders for transformer categories are : C:\Users\ingsko\Documents\FME\TransformerCategories
2021-11-17 13:15:18|   0.0|  0.0|INFORM|FME Configuration: Reader Keyword is `MULTI_READER'
2021-11-17 13:15:18|   0.0|  0.0|INFORM|FME Configuration: Writer Keyword is `NULL_DEST'
2021-11-17 13:15:18|   0.0|  0.0|INFORM|FME Configuration: Writer Group Definition Keyword is `NULL_DEST_DEF'
2021-11-17 13:15:18|   0.0|  0.0|INFORM|FME Configuration: Reader type is `MULTI_READER'
2021-11-17 13:15:18|   0.0|  0.0|INFORM|FME Configuration: Writer type is `NULL'
2021-11-17 13:15:18|   0.0|  0.0|INFORM|FME Configuration: No destination coordinate system set
2021-11-17 13:15:18|   0.0|  0.0|INFORM|FME Configuration: Current working folder is `C:\DATA\GitHub\iSkogli\FMEworkspace\NVDB_3D_demo'
2021-11-17 13:15:18|   0.0|  0.0|INFORM|FME Configuration: Temporary folder is `C:\Users\ingsko\AppData\Local\Temp\wbrun_1637150036877_16456\fmetmp_d', set from environment variable `FME_TEMP'
2021-11-17 13:15:18|   0.0|  0.0|INFORM|FME Configuration: Cache folder is 'C:\Users\ingsko\AppData\Local\Temp'
2021-11-17 13:15:18|   0.0|  0.0|INFORM|FME Configuration: FME_HOME is `C:\Program Files (x86)\FME_2021_3_32bit\'
2021-11-17 13:15:18|   0.0|  0.0|INFORM|FME Configuration: Start freeing memory when the process exceeds 2.83 GB or address space exceeds 3.41 GB
2021-11-17 13:15:18|   0.0|  0.0|INFORM|FME Configuration: Stop freeing memory when the process is below 2.12 GB and address space is below 2.56 GB
2021-11-17 13:15:18|   0.0|  0.0|INFORM|Creating writer for format: NULL (Nothing)
2021-11-17 13:15:18|   0.0|  0.0|INFORM|Trying to find a DYNAMIC plugin for writer named `NULL'
2021-11-17 13:15:18|   0.0|  0.0|INFORM|Loaded module 'NULL' from file 'C:\Program Files (x86)\FME_2021_3_32bit\plugins/NULL.dll'
2021-11-17 13:15:18|   0.0|  0.0|INFORM|FME API version of module 'NULL' matches current internal version (3.8 20210302)
2021-11-17 13:15:18|   0.0|  0.0|INFORM|Creating reader for format: 
2021-11-17 13:15:18|   0.0|  0.0|INFORM|MULTI_READER(MULTI_READER): Will fail with first member reader failure
2021-11-17 13:15:18|   0.0|  0.0|INFORM|Using Multi Reader with keyword `MULTI_READER' to read multiple datasets
2021-11-17 13:15:18|   0.0|  0.0|INFORM|FME API version of module 'NULL' matches current internal version (3.8 20210302)
2021-11-17 13:15:18|   0.0|  0.0|INFORM|FME API version of module 'NULL' matches current internal version (3.8 20210302)
2021-11-17 13:15:18|   0.0|  0.0|INFORM|Loaded module 'Geometry_func' from file 'C:\Program Files (x86)\FME_2021_3_32bit\plugins/Geometry_func.dll'
2021-11-17 13:15:18|   0.0|  0.0|INFORM|FME API version of module 'Geometry_func' matches current internal version (3.8 20210302)
2021-11-17 13:15:18|   0.0|  0.0|INFORM|Loaded module 'LogCount_func' from file 'C:\Program Files (x86)\FME_2021_3_32bit\plugins/LogCount_func.dll'
2021-11-17 13:15:18|   0.0|  0.0|INFORM|FME API version of module 'LogCount_func' matches current internal version (3.8 20210302)
2021-11-17 13:15:18|   0.0|  0.0|INFORM|Loaded module 'QueryFactory' from file 'C:\Program Files (x86)\FME_2021_3_32bit\plugins/QueryFactory.dll'
2021-11-17 13:15:18|   0.0|  0.0|INFORM|FME API version of module 'QueryFactory' matches current internal version (3.8 20210302)
2021-11-17 13:15:18|   0.0|  0.0|INFORM|FME Configuration: Using FME Reprojection Engine
2021-11-17 13:15:18|   0.0|  0.0|INFORM|Loaded module 'OGCGeometry_func' from file 'C:\Program Files (x86)\FME_2021_3_32bit\plugins/OGCGeometry_func.dll'
2021-11-17 13:15:18|   0.0|  0.0|INFORM|FME API version of module 'OGCGeometry_func' matches current internal version (3.8 20210302)
2021-11-17 13:15:18|   0.0|  0.0|INFORM|Loaded module 'PythonFactory' from file 'C:\Program Files (x86)\FME_2021_3_32bit\plugins/PythonFactory.dll'
2021-11-17 13:15:18|   0.0|  0.0|INFORM|FME API version of module 'PythonFactory' matches current internal version (3.8 20210302)
2021-11-17 13:15:18|   0.0|  0.0|INFORM|Using Python interpreter from `C:\Program Files (x86)\FME_2021_3_32bit\fmepython38\python38.dll' with PYTHONHOME `C:\Program Files (x86)\FME_2021_3_32bit\fmepython38'
2021-11-17 13:15:18|   0.0|  0.0|INFORM|Python version 3.8 loaded successfully
2021-11-17 13:15:19|   0.1|  0.1|INFORM|Adding folder `C:\DATA\GitHub\iSkogli\FMEworkspace\NVDB_3D_demo\' to the python path
2021-11-17 13:15:19|   0.2|  0.1|INFORM|... Last line repeated 3 times ...
2021-11-17 13:15:19|   0.2|  0.0|INFORM|Loaded module 'HTTPFactory' from file 'C:\Program Files (x86)\FME_2021_3_32bit\plugins/HTTPFactory.dll'
2021-11-17 13:15:19|   0.2|  0.0|INFORM|FME API version of module 'HTTPFactory' matches current internal version (3.8 20210302)
2021-11-17 13:15:19|   0.2|  0.0|INFORM|Loaded module 'XFMapFactory' from file 'C:\Program Files (x86)\FME_2021_3_32bit\plugins/XFMapFactory.dll'
2021-11-17 13:15:19|   0.2|  0.0|INFORM|FME API version of module 'XFMapFactory' matches current internal version (3.8 20210302)
2021-11-17 13:15:19|   0.2|  0.0|INFORM|FME API version of module 'PythonFactory' matches current internal version (3.8 20210302)
2021-11-17 13:15:19|   0.2|  0.0|INFORM|FME API version of module 'XFMapFactory' matches current internal version (3.8 20210302)
2021-11-17 13:15:19|   0.2|  0.0|INFORM|FME API version of module 'PythonFactory' matches current internal version (3.8 20210302)
2021-11-17 13:15:19|   0.2|  0.0|INFORM|Loaded module 'InspectorFactory' from file 'C:\Program Files (x86)\FME_2021_3_32bit\plugins/InspectorFactory.dll'
2021-11-17 13:15:19|   0.2|  0.0|INFORM|FME API version of module 'InspectorFactory' matches current internal version (3.8 20210302)
2021-11-17 13:15:19|   0.2|  0.0|INFORM|FME API version of module 'PythonFactory' matches current internal version (3.8 20210302)
2021-11-17 13:15:19|   0.2|  0.0|INFORM|Emptying factory pipeline
2021-11-17 13:15:19|   0.4|  0.2|INFORM|Potentially retrieving dataset 'https://www.norgeskart.no/ws/get-json.py?hash=Oc6JcHkB1BVmjWzlBFjs&save=true' for reader R_1
2021-11-17 13:15:19|   0.4|  0.0|INFORM|Retrieved file C:\Users\ingsko\AppData\Local\Temp\wbrun_1637150036877_16456\fmetmp_d\TempFS_1637151319304_19552\get-json.py for reader R_1
2021-11-17 13:15:19|   0.4|  0.0|INFORM|Creating reader for format: GeoJSON (Geographic JavaScript Object Notation)
2021-11-17 13:15:19|   0.4|  0.0|INFORM|Trying to find a DYNAMIC plugin for reader named `GEOJSON'
2021-11-17 13:15:19|   0.4|  0.0|INFORM|Loaded module 'GEOJSON' from file 'C:\Program Files (x86)\FME_2021_3_32bit\plugins/JSON.dll'
2021-11-17 13:15:19|   0.4|  0.0|INFORM|FME API version of module 'GEOJSON' matches current internal version (3.8 20210302)
2021-11-17 13:15:19|   0.4|  0.0|INFORM|Performing query against GEOJSON dataset `https://www.norgeskart.no/ws/get-json.py?hash=Oc6JcHkB1BVmjWzlBFjs&save=true'
2021-11-17 13:15:19|   0.4|  0.0|INFORM|Potentially retrieving dataset 'https://www.norgeskart.no/ws/get-json.py?hash=Oc6JcHkB1BVmjWzlBFjs&save=true' for reader R_2
2021-11-17 13:15:20|   0.4|  0.0|INFORM|Retrieved file C:\Users\ingsko\AppData\Local\Temp\wbrun_1637150036877_16456\fmetmp_d\TempFS_1637151319304_19552\get-json.py for reader R_2
2021-11-17 13:15:20|   0.4|  0.0|INFORM|Creating reader for format: GeoJSON (Geographic JavaScript Object Notation)
2021-11-17 13:15:20|   0.4|  0.0|INFORM|Trying to find a DYNAMIC plugin for reader named `GEOJSON'
2021-11-17 13:15:20|   0.4|  0.0|INFORM|FME API version of module 'GEOJSON' matches current internal version (3.8 20210302)
2021-11-17 13:15:20|   0.4|  0.0|INFORM|Opening the GEOJSON reader with source dataset 'C:\Users\ingsko\AppData\Local\Temp\wbrun_1637150036877_16456\fmetmp_d\TempFS_1637151319304_19552\get-json.py'
2021-11-17 13:15:20|   0.4|  0.0|INFORM|FME Configuration: Source coordinate system for reader R_2[GEOJSON] set to `LL84' as read from input data
2021-11-17 13:15:20|   0.4|  0.0|INFORM|Coordinate System `LL84' parameters: CS_NAME=`LL84' DESC_NM=`WGS84 datum, Latitude-Longitude; Degrees' DT_NAME=`WGS84' EPSG_QD=`-1' GROUP=`LL' MAP_SCL=`1' MAX_LAT=`90' MAX_LNG=`182' MIN_LAT=`-90' MIN_LNG=`-182' PROJ=`LL' QUAD=`1' SCL_RED=`1' SOURCE=`Mentor Software' UNIT=`DEGREE'
2021-11-17 13:15:20|   0.4|  0.0|WARN  |NVDBAPI_les_NVDBAPIlesFilterGeometriInn_Reprojector: Ignoring source coordinate system 'EPSG:4326' in favor of feature coordinate system. This warning will not be repeated
2021-11-17 13:15:20|   0.6|  0.2|INFORM|CS-MAP Reprojector: Transformation will be automatically selected for 'LL84' -> 'EPSG:25833', and is not guaranteed to remain the same in future releases of FME
2021-11-17 13:15:20|   0.6|  0.0|INFORM|Reprojector: Using transformation `ETRS89/01_to_WGS84,Inverse(Geocentric)' when reprojecting from LL84 to EPSG:25833
2021-11-17 13:15:20|   0.6|  0.0|INFORM|NVDBAPI_les_NVDBAPIlesFilterGeometriInn_CoordinateExtractor_Output: Feature is:
2021-11-17 13:15:20|   0.6|  0.0|INFORM|+++++++++++++++++++++++++++++++++++++++++++++++++++++++++++++++++++++++++++
2021-11-17 13:15:20|   0.6|  0.0|INFORM|Feature Type: `NVDBAPI_les_NVDBAPIlesFilterGeometriInn_CoordinateExtractor_Output_LOGGED'
2021-11-17 13:15:20|   0.6|  0.0|INFORM|Attribute(string: windows-1252)           : `KlippegeometriWKT' has value `POLYGON ((255202.9939867403 6785360.229256956,255304.71983620359 6785321.379184817,255262.1210665832 6785280.313975792,255190.0439660617 6785338.589086508,255202.9939867403 6785360.229256956))'
2021-11-17 13:15:20|   0.6|  0.0|INFORM|Attribute(string: UTF-8)                  : `Polygon' has value `&polygon=255202.9939867403 6785360.229256956,255304.71983620359 6785321.379184817,255262.1210665832 6785280.313975792,255190.0439660617 6785338.589086508,255202.9939867403 6785360.229256956'
2021-11-17 13:15:20|   0.6|  0.0|INFORM|Attribute(string: windows-1252)           : `fme_feature_type' has value `get-json'
2021-11-17 13:15:20|   0.6|  0.0|INFORM|Attribute(string: windows-1252)           : `fme_geometry' has value `fme_polygon'
2021-11-17 13:15:20|   0.6|  0.0|INFORM|Attribute(entangled: string: windows-1252): `fme_type' has value `fme_area'
2021-11-17 13:15:20|   0.6|  0.0|INFORM|          entangled to json_type
2021-11-17 13:15:20|   0.6|  0.0|INFORM|Attribute(string: UTF-8)                  : `id' has value `39e73c84-8b33-0e17-33fb-358420479e50'
2021-11-17 13:15:20|   0.6|  0.0|INFORM|Attribute(string: UTF-8)                  : `json_type' has value `json_polygon'
2021-11-17 13:15:20|   0.6|  0.0|INFORM|Attribute(string: UTF-8)                  : `measurement' has value `4047 m&sup2;'
2021-11-17 13:15:20|   0.6|  0.0|INFORM|Attribute(string: UTF-8)                  : `style.fill.color' has value `rgba(255, 165, 0, 0.5)'
2021-11-17 13:15:20|   0.6|  0.0|INFORM|Attribute(string: UTF-8)                  : `style.stroke.color' has value `rgb(255, 165, 0)'
2021-11-17 13:15:20|   0.6|  0.0|INFORM|Attribute(64 bit integer)                 : `style.stroke.width' has value `2'
2021-11-17 13:15:20|   0.6|  0.0|INFORM|Coordinate System: `EPSG:25833'
2021-11-17 13:15:20|   0.6|  0.0|INFORM|Geometry Type: IFMEPolygon
2021-11-17 13:15:20|   0.6|  0.0|INFORM|Boundary:
2021-11-17 13:15:20|   0.6|  0.0|INFORM|   Geometry Type: IFMELine
2021-11-17 13:15:20|   0.6|  0.0|INFORM|   Number of Coordinates: 5 -- Coordinate Dimension: 2
2021-11-17 13:15:20|   0.6|  0.0|INFORM|   (255202.9939867403,6785360.229256956)(255304.71983620359,6785321.379184817)(255262.1210665832,6785280.313975792)(255190.0439660617,6785338.589086508)(255202.9939867403,6785360.229256956)
2021-11-17 13:15:20|   0.6|  0.0|INFORM|===========================================================================
2021-11-17 13:15:20|   0.7|  0.1|INFORM|NVDBAPI_les_NVDBAPIlesVegobjekter_HTTPCaller_3 (HTTPFactory): [1]: Starting HTTP download from 'nvdbapiles-v3.atlas.vegvesen.no'
2021-11-17 13:15:20|   0.7|  0.0|INFORM|NVDBAPI_les_NVDBAPIlesVegobjekter_HTTPCaller_3 (HTTPFactory): [1]: HTTP transfer summary (nvdbapiles-v3.atlas.vegvesen.no): status code: 200, download size: 51304 bytes, DNS lookup time: 1 ms, total transfer time: 51 ms
2021-11-17 13:15:20|   0.7|  0.0|INFORM|NVDBAPI_les_NVDBAPIlesVegobjekter_HTTPCaller_3 (HTTPFactory): [2]: Starting HTTP download from 'nvdbapiles-v3.atlas.vegvesen.no'. Expected transfer size: 734 bytes
2021-11-17 13:15:20|   0.7|  0.0|INFORM|NVDBAPI_les_NVDBAPIlesVegobjekter_HTTPCaller_3 (HTTPFactory): [2]: HTTP Download: received 734 bytes
2021-11-17 13:15:20|   0.7|  0.0|INFORM|NVDBAPI_les_NVDBAPIlesVegobjekter_HTTPCaller_3 (HTTPFactory): [2]: HTTP transfer summary (nvdbapiles-v3.atlas.vegvesen.no): status code: 200, download size: 734 bytes, DNS lookup time: 0 ms, total transfer time: 16 ms
2021-11-17 13:15:20|   0.8|  0.1|STATS |Storing feature(s) to FME feature store file `C:\Users\ingsko\AppData\Local\Temp\wb-inspectors-cESGOc\inspector.ffs'
2021-11-17 13:15:20|   0.9|  0.1|INFORM|26
2021-11-17 13:15:20|   1.0|  0.1|INFORM|26
2021-11-17 13:15:20|   1.0|  0.0|INFORM|25
2021-11-17 13:15:21|   1.1|  0.1|INFORM|... Last line repeated 10 times ...
2021-11-17 13:15:21|   1.1|  0.0|INFORM|26
2021-11-17 13:15:21|   1.1|  0.0|INFORM|25
2021-11-17 13:15:21|   1.1|  0.0|INFORM|... Last line repeated 3 times ...
2021-11-17 13:15:21|   1.1|  0.0|INFORM|NVDBAPI_les_NVDBAPIlesVegobjekter_HTTPCaller_3 (HTTPFactory): [3]: Starting HTTP download from 'nvdbapiles-v3.atlas.vegvesen.no'. Expected transfer size: 4389 bytes
2021-11-17 13:15:21|   1.1|  0.0|INFORM|NVDBAPI_les_NVDBAPIlesVegobjekter_HTTPCaller_3 (HTTPFactory): [3]: HTTP Download: received 4389 bytes
2021-11-17 13:15:21|   1.1|  0.0|INFORM|NVDBAPI_les_NVDBAPIlesVegobjekter_HTTPCaller_3 (HTTPFactory): [3]: HTTP transfer summary (nvdbapiles-v3.atlas.vegvesen.no): status code: 200, download size: 4389 bytes, DNS lookup time: 0 ms, total transfer time: 17 ms
2021-11-17 13:15:21|   1.1|  0.0|INFORM|NVDBAPI_les_NVDBAPIlesVegobjekter_HTTPCaller_3 (HTTPFactory): [4]: Starting HTTP download from 'nvdbapiles-v3.atlas.vegvesen.no'. Expected transfer size: 733 bytes
2021-11-17 13:15:21|   1.1|  0.0|INFORM|NVDBAPI_les_NVDBAPIlesVegobjekter_HTTPCaller_3 (HTTPFactory): [4]: HTTP Download: received 733 bytes
2021-11-17 13:15:21|   1.1|  0.0|INFORM|NVDBAPI_les_NVDBAPIlesVegobjekter_HTTPCaller_3 (HTTPFactory): [4]: HTTP transfer summary (nvdbapiles-v3.atlas.vegvesen.no): status code: 200, download size: 733 bytes, DNS lookup time: 0 ms, total transfer time: 11 ms
2021-11-17 13:15:21|   1.2|  0.1|INFORM|29
2021-11-17 13:15:21|   1.2|  0.0|INFORM|NVDBAPI_les_NVDBAPIlesVegobjekter_HTTPCaller_3 (HTTPFactory): [5]: Starting HTTP download from 'nvdbapiles-v3.atlas.vegvesen.no'
2021-11-17 13:15:21|   1.2|  0.0|INFORM|NVDBAPI_les_NVDBAPIlesVegobjekter_HTTPCaller_3 (HTTPFactory): [5]: HTTP transfer summary (nvdbapiles-v3.atlas.vegvesen.no): status code: 200, download size: 38778 bytes, DNS lookup time: 0 ms, total transfer time: 16 ms
2021-11-17 13:15:21|   1.3|  0.1|INFORM|NVDBAPI_les_NVDBAPIlesVegobjekter_HTTPCaller_3 (HTTPFactory): [6]: Starting HTTP download from 'nvdbapiles-v3.atlas.vegvesen.no'. Expected transfer size: 734 bytes
2021-11-17 13:15:21|   1.3|  0.0|INFORM|NVDBAPI_les_NVDBAPIlesVegobjekter_HTTPCaller_3 (HTTPFactory): [6]: HTTP Download: received 734 bytes
2021-11-17 13:15:21|   1.3|  0.0|INFORM|NVDBAPI_les_NVDBAPIlesVegobjekter_HTTPCaller_3 (HTTPFactory): [6]: HTTP transfer summary (nvdbapiles-v3.atlas.vegvesen.no): status code: 200, download size: 734 bytes, DNS lookup time: 0 ms, total transfer time: 12 ms
2021-11-17 13:15:21|   1.4|  0.1|INFORM|32
2021-11-17 13:15:21|   1.5|  0.1|INFORM|31
2021-11-17 13:15:21|   1.5|  0.0|INFORM|31
2021-11-17 13:15:21|   1.5|  0.0|INFORM|30
2021-11-17 13:15:21|   1.5|  0.0|INFORM|29
2021-11-17 13:15:21|   1.6|  0.1|INFORM|32
2021-11-17 13:15:21|   1.7|  0.1|INFORM|... Last line repeated 2 times ...
2021-11-17 13:15:21|   1.7|  0.0|INFORM|31
2021-11-17 13:15:21|   1.7|  0.0|INFORM|31
2021-11-17 13:15:21|   1.7|  0.0|INFORM|21
2021-11-17 13:15:21|   1.7|  0.0|INFORM|... Last line repeated 2 times ...
2021-11-17 13:15:21|   1.7|  0.0|INFORM|NVDBAPI_les_NVDBAPIlesVegobjekter_HTTPCaller_3 (HTTPFactory): [7]: Starting HTTP download from 'nvdbapiles-v3.atlas.vegvesen.no'
2021-11-17 13:15:21|   1.7|  0.0|INFORM|NVDBAPI_les_NVDBAPIlesVegobjekter_HTTPCaller_3 (HTTPFactory): [7]: HTTP transfer summary (nvdbapiles-v3.atlas.vegvesen.no): status code: 200, download size: 28653 bytes, DNS lookup time: 0 ms, total transfer time: 17 ms
2021-11-17 13:15:21|   1.8|  0.1|INFORM|NVDBAPI_les_NVDBAPIlesVegobjekter_HTTPCaller_3 (HTTPFactory): [8]: Starting HTTP download from 'nvdbapiles-v3.atlas.vegvesen.no'. Expected transfer size: 734 bytes
2021-11-17 13:15:21|   1.8|  0.0|INFORM|NVDBAPI_les_NVDBAPIlesVegobjekter_HTTPCaller_3 (HTTPFactory): [8]: HTTP Download: received 734 bytes
2021-11-17 13:15:21|   1.8|  0.0|INFORM|NVDBAPI_les_NVDBAPIlesVegobjekter_HTTPCaller_3 (HTTPFactory): [8]: HTTP transfer summary (nvdbapiles-v3.atlas.vegvesen.no): status code: 200, download size: 734 bytes, DNS lookup time: 0 ms, total transfer time: 12 ms
2021-11-17 13:15:22|   1.9|  0.1|INFORM|22
2021-11-17 13:15:22|   2.0|  0.1|INFORM|22
2021-11-17 13:15:22|   2.0|  0.0|INFORM|23
2021-11-17 13:15:22|   2.3|  0.3|INFORM|... Last line repeated 7 times ...
2021-11-17 13:15:22|   2.3|  0.0|STATS |Creator_XML_Creator (CreationFactory): Created 1 features
2021-11-17 13:15:22|   2.3|  0.0|STATS |Creator_Cloner (TeeFactory): Cloned 1 input feature(s) into 1 output feature(s)
2021-11-17 13:15:22|   2.3|  0.0|STATS |Creator_CREATED Feature Counter -1 5 (TeeFactory): Cloned 1 input feature(s) into 1 output feature(s)
2021-11-17 13:15:22|   2.3|  0.0|STATS |Creator_CREATED Brancher -1 5 (BranchingFactory): Branched 1 input feature -- 1 feature routed to the target factory, and 0 features routed to the fallback factory.
2021-11-17 13:15:22|   2.3|  0.0|STATS |_CREATOR_BRANCH_TARGET (TeeFactory): Cloned 1 input feature(s) into 1 output feature(s)
2021-11-17 13:15:22|   2.3|  0.0|STATS |NVDBAPI_les Input_create Input Collector (TeeFactory): Cloned 1 input feature(s) into 1 output feature(s)
2021-11-17 13:15:22|   2.3|  0.0|STATS |NVDBAPI_les_Input_create1637151317 Input Splitter (TeeFactory): Cloned 1 input feature(s) into 1 output feature(s)
2021-11-17 13:15:22|   2.3|  0.0|STATS |NVDBAPI_les_Input_create Feature Counter 8 8 (TeeFactory): Cloned 1 input feature(s) into 1 output feature(s)
2021-11-17 13:15:22|   2.3|  0.0|STATS |NVDBAPI_les_NVDBAPIlesFilterGeometriInn Input Input Collector (TeeFactory): Cloned 1 input feature(s) into 1 output feature(s)
2021-11-17 13:15:22|   2.3|  0.0|STATS |NVDBAPI_les_NVDBAPIlesFilterGeometriInn_Input1637151317 Input Splitter (TeeFactory): Cloned 1 input feature(s) into 1 output feature(s)
2021-11-17 13:15:22|   2.3|  0.0|STATS |NVDBAPI_les_NVDBAPIlesFilterGeometriInn_Input Feature Counter 5 17 (TeeFactory): Cloned 1 input feature(s) into 1 output feature(s)
2021-11-17 13:15:22|   2.3|  0.0|STATS |NVDBAPI_les_NVDBAPIlesFilterGeometriInn_Tester (TestFactory): Tested 1 input feature(s) -- 1 feature(s) passed and 0 feature(s) failed
2021-11-17 13:15:22|   2.3|  0.0|STATS |NVDBAPI_les_NVDBAPIlesFilterGeometriInn_Tester_PASSED Feature Counter 5 19 (TeeFactory): Cloned 1 input feature(s) into 1 output feature(s)
2021-11-17 13:15:22|   2.3|  0.0|STATS |NVDBAPI_les_NVDBAPIlesFilterGeometriInn_Tester_FAILED Feature Counter 5 31 (TeeFactory): Cloned 0 input feature(s) into 0 output feature(s)
2021-11-17 13:15:22|   2.3|  0.0|INFORM|Closing the GEOJSON reader
2021-11-17 13:15:22|   2.3|  0.0|STATS |NVDBAPI_les_NVDBAPIlesFilterGeometriInn_FeatureReader_<OTHER> Feature Counter 5 30 (TeeFactory): Cloned 1 input feature(s) into 1 output feature(s)
2021-11-17 13:15:22|   2.3|  0.0|STATS |NVDBAPI_les_NVDBAPIlesFilterGeometriInn_FeatureReader_<REJECTED> Feature Counter 5 2147811332 (TeeFactory): Cloned 0 input feature(s) into 0 output feature(s)
2021-11-17 13:15:22|   2.3|  0.0|STATS |NVDBAPI_les_NVDBAPIlesFilterGeometriInn_Reprojector (TeeFactory): Cloned 1 input feature(s) into 1 output feature(s)
2021-11-17 13:15:22|   2.3|  0.0|STATS |NVDBAPI_les_NVDBAPIlesFilterGeometriInn_Reprojector_REPROJECTED Feature Counter 5 24 (TeeFactory): Cloned 1 input feature(s) into 1 output feature(s)
2021-11-17 13:15:22|   2.3|  0.0|STATS |NVDBAPI_les_NVDBAPIlesFilterGeometriInn_Tester_2 (TestFactory): Tested 0 input feature(s) -- 0 feature(s) passed and 0 feature(s) failed
2021-11-17 13:15:22|   2.3|  0.0|STATS |NVDBAPI_les_NVDBAPIlesFilterGeometriInn_Tester_2_PASSED Feature Counter 5 22 (TeeFactory): Cloned 0 input feature(s) into 0 output feature(s)
2021-11-17 13:15:22|   2.3|  0.0|STATS |NVDBAPI_les_NVDBAPIlesFilterGeometriInn_Tester_2_FAILED Feature Counter 5 32 (TeeFactory): Cloned 0 input feature(s) into 0 output feature(s)
2021-11-17 13:15:22|   2.3|  0.0|STATS |NVDBAPI_les_NVDBAPIlesFilterGeometriInn_GeometryReplacer (TeeFactory): Cloned 0 input feature(s) into 0 output feature(s)
2021-11-17 13:15:22|   2.3|  0.0|STATS |NVDBAPI_les_NVDBAPIlesFilterGeometriInn_GeometryReplacer_Rejector (TestFactory): Tested 0 input feature(s) -- 0 feature(s) passed and 0 feature(s) failed
2021-11-17 13:15:22|   2.3|  0.0|STATS |NVDBAPI_les_NVDBAPIlesFilterGeometriInn_GeometryReplacer_OUTPUT Feature Counter 5 23 (TeeFactory): Cloned 0 input feature(s) into 0 output feature(s)
2021-11-17 13:15:22|   2.3|  0.0|STATS |NVDBAPI_les_NVDBAPIlesFilterGeometriInn_GeometryReplacer_<REJECTED> Feature Counter 5 2147680266 (TeeFactory): Cloned 0 input feature(s) into 0 output feature(s)
2021-11-17 13:15:22|   2.3|  0.0|STATS |NVDBAPI_les_NVDBAPIlesFilterGeometriInn_Junction_2 (TeeFactory): Cloned 1 input feature(s) into 1 output feature(s)
2021-11-17 13:15:22|   2.3|  0.0|STATS |NVDBAPI_les_NVDBAPIlesFilterGeometriInn_Junction_2_Output Feature Counter 5 29 (TeeFactory): Cloned 1 input feature(s) into 1 output feature(s)
2021-11-17 13:15:22|   2.3|  0.0|STATS |NVDBAPI_les_NVDBAPIlesFilterGeometriInn_AttributeRemover (TeeFactory): Cloned 1 input feature(s) into 1 output feature(s)
2021-11-17 13:15:22|   2.3|  0.0|STATS |NVDBAPI_les_NVDBAPIlesFilterGeometriInn_AttributeRemover_OUTPUT Feature Counter 5 21 (TeeFactory): Cloned 1 input feature(s) into 1 output feature(s)
2021-11-17 13:15:22|   2.3|  0.0|STATS |NVDBAPI_les_NVDBAPIlesFilterGeometriInn_GeometryExtractor (TeeFactory): Cloned 1 input feature(s) into 1 output feature(s)
2021-11-17 13:15:22|   2.3|  0.0|STATS |NVDBAPI_les_NVDBAPIlesFilterGeometriInn_GeometryExtractor_Rejector (TestFactory): Tested 1 input feature(s) -- 0 feature(s) passed and 1 feature(s) failed
2021-11-17 13:15:22|   2.3|  0.0|STATS |NVDBAPI_les_NVDBAPIlesFilterGeometriInn_GeometryExtractor_OUTPUT Feature Counter 5 18 (TeeFactory): Cloned 1 input feature(s) into 1 output feature(s)
2021-11-17 13:15:22|   2.3|  0.0|STATS |NVDBAPI_les_NVDBAPIlesFilterGeometriInn_GeometryExtractor_<REJECTED> Feature Counter 5 2147680261 (TeeFactory): Cloned 0 input feature(s) into 0 output feature(s)
2021-11-17 13:15:22|   2.3|  0.0|STATS |NVDBAPI_les_NVDBAPIlesFilterGeometriInn_AttributeCreator OUTPUT Splitter (TeeFactory): Cloned 1 input feature(s) into 2 output feature(s)
2021-11-17 13:15:22|   2.3|  0.0|STATS |NVDBAPI_les_NVDBAPIlesFilterGeometriInn_AttributeCreator_OUTPUT_0_DeiyZGedkh0= Feature Counter 5 26 (TeeFactory): Cloned 1 input feature(s) into 1 output feature(s)
2021-11-17 13:15:22|   2.3|  0.0|STATS |NVDBAPI_les_NVDBAPIlesFilterGeometriInn_AttributeCreator_OUTPUT_1_ljM8GiEwgAM= Feature Counter 5 27 (TeeFactory): Cloned 1 input feature(s) into 1 output feature(s)
2021-11-17 13:15:22|   2.3|  0.0|STATS |NVDBAPI_les_NVDBAPIlesFilterGeometriInn_CoordinateExtractor_Output_Logger (TeeFactory): Cloned 1 input feature(s) into 1 output feature(s)
2021-11-17 13:15:22|   2.3|  0.0|STATS |NVDBAPI_les_NVDBAPIlesFilterGeometriInn_CoordinateExtractor_Output LOGGED Transformer Output Nuker (TeeFactory): Cloned 1 input feature(s) into 0 output feature(s)
2021-11-17 13:15:22|   2.3|  0.0|STATS |NVDBAPI_les_NVDBAPIlesFilterGeometriInn_Tester_3 (TestFactory): Tested 0 input feature(s) -- 0 feature(s) passed and 0 feature(s) failed
2021-11-17 13:15:22|   2.3|  0.0|STATS |NVDBAPI_les_NVDBAPIlesFilterGeometriInn_Tester_3_PASSED Feature Counter 5 25 (TeeFactory): Cloned 0 input feature(s) into 0 output feature(s)
2021-11-17 13:15:22|   2.3|  0.0|STATS |NVDBAPI_les_NVDBAPIlesFilterGeometriInn_Tester_3_FAILED Feature Counter 5 33 (TeeFactory): Cloned 0 input feature(s) into 0 output feature(s)
2021-11-17 13:15:22|   2.3|  0.0|STATS |NVDBAPI_les_NVDBAPIlesFilterGeometriInn_AttributeCreator_2_OUTPUT Feature Counter 5 28 (TeeFactory): Cloned 0 input feature(s) into 0 output feature(s)
2021-11-17 13:15:22|   2.3|  0.0|STATS |NVDBAPI_les_NVDBAPIlesFilterGeometriInn_Junction (TeeFactory): Cloned 1 input feature(s) into 1 output feature(s)
2021-11-17 13:15:22|   2.3|  0.0|STATS |NVDBAPI_les_NVDBAPIlesFilterGeometriInn_Junction_Output Feature Counter 5 20 (TeeFactory): Cloned 1 input feature(s) into 1 output feature(s)
2021-11-17 13:15:22|   2.3|  0.0|STATS |NVDBAPI_les_NVDBAPIlesFilterGeometriInn_Output1637151317 Output Collector (TeeFactory): Cloned 1 input feature(s) into 1 output feature(s)
2021-11-17 13:15:22|   2.3|  0.0|STATS |NVDBAPI_les_NVDBAPIlesFilterGeometriInn Output Output Renamer/Nuker (TeeFactory): Cloned 1 input feature(s) into 1 output feature(s)
2021-11-17 13:15:22|   2.3|  0.0|STATS |NVDBAPI_les_NVDBAPIlesFilterGeometriInn_Output Feature Counter 8 11 (TeeFactory): Cloned 1 input feature(s) into 1 output feature(s)
2021-11-17 13:15:22|   2.3|  0.0|STATS |NVDBAPI_les_NVDBAPIlesFilter Input Input Collector (TeeFactory): Cloned 1 input feature(s) into 1 output feature(s)
2021-11-17 13:15:22|   2.3|  0.0|STATS |NVDBAPI_les_NVDBAPIlesFilter_Input1637151317 Input Splitter (TeeFactory): Cloned 1 input feature(s) into 1 output feature(s)
2021-11-17 13:15:22|   2.3|  0.0|STATS |NVDBAPI_les_NVDBAPIlesFilter_Input Feature Counter 4 21 (TeeFactory): Cloned 1 input feature(s) into 1 output feature(s)
2021-11-17 13:15:22|   2.3|  0.0|STATS |NVDBAPI_les_NVDBAPIlesFilter_AttributeCreator_2_OUTPUT Feature Counter 4 28 (TeeFactory): Cloned 1 input feature(s) into 1 output feature(s)
2021-11-17 13:15:22|   2.3|  0.0|INFORM|Optional `process_group' method not present; not called
2021-11-17 13:15:22|   2.3|  0.0|INFORM|Optional `close' method not present; not called
2021-11-17 13:15:22|   2.3|  0.0|STATS |NVDBAPI_les_NVDBAPIlesFilter_PythonCaller_OUTPUT Feature Counter 4 26 (TeeFactory): Cloned 1 input feature(s) into 1 output feature(s)
2021-11-17 13:15:22|   2.3|  0.0|STATS |NVDBAPI_les_NVDBAPIlesFilter_Tester (TestFactory): Tested 1 input feature(s) -- 1 feature(s) passed and 0 feature(s) failed
2021-11-17 13:15:22|   2.3|  0.0|STATS |NVDBAPI_les_NVDBAPIlesFilter_Tester_PASSED Feature Counter 4 30 (TeeFactory): Cloned 1 input feature(s) into 1 output feature(s)
2021-11-17 13:15:22|   2.3|  0.0|STATS |NVDBAPI_les_NVDBAPIlesFilter_Tester_FAILED Feature Counter 4 38 (TeeFactory): Cloned 0 input feature(s) into 0 output feature(s)
2021-11-17 13:15:22|   2.3|  0.0|STATS |NVDBAPI_les_NVDBAPIlesFilter_AttributeCreator_3_OUTPUT Feature Counter 4 29 (TeeFactory): Cloned 1 input feature(s) into 1 output feature(s)
2021-11-17 13:15:22|   2.3|  0.0|STATS |NVDBAPI_les_NVDBAPIlesFilter_AttributeCreator_4_OUTPUT Feature Counter 4 31 (TeeFactory): Cloned 0 input feature(s) into 0 output feature(s)
2021-11-17 13:15:22|   2.3|  0.0|STATS |NVDBAPI_les_NVDBAPIlesFilter_Junction_2 (TeeFactory): Cloned 1 input feature(s) into 1 output feature(s)
2021-11-17 13:15:22|   2.3|  0.0|STATS |NVDBAPI_les_NVDBAPIlesFilter_Junction_2_Output Feature Counter 4 32 (TeeFactory): Cloned 1 input feature(s) into 1 output feature(s)
2021-11-17 13:15:22|   2.3|  0.0|STATS |NVDBAPI_les_NVDBAPIlesFilter_Tester_2 (TestFactory): Tested 1 input feature(s) -- 0 feature(s) passed and 1 feature(s) failed
2021-11-17 13:15:22|   2.3|  0.0|STATS |NVDBAPI_les_NVDBAPIlesFilter_Tester_2_PASSED Feature Counter 4 34 (TeeFactory): Cloned 0 input feature(s) into 0 output feature(s)
2021-11-17 13:15:22|   2.3|  0.0|STATS |NVDBAPI_les_NVDBAPIlesFilter_Tester_2_FAILED Feature Counter 4 39 (TeeFactory): Cloned 1 input feature(s) into 1 output feature(s)
2021-11-17 13:15:22|   2.3|  0.0|STATS |NVDBAPI_les_NVDBAPIlesFilter_AttributeCreator_5_OUTPUT Feature Counter 4 33 (TeeFactory): Cloned 0 input feature(s) into 0 output feature(s)
2021-11-17 13:15:22|   2.3|  0.0|STATS |NVDBAPI_les_NVDBAPIlesFilter_AttributeCreator_6_OUTPUT Feature Counter 4 35 (TeeFactory): Cloned 1 input feature(s) into 1 output feature(s)
2021-11-17 13:15:22|   2.3|  0.0|STATS |NVDBAPI_les_NVDBAPIlesFilter_Junction_3 (TeeFactory): Cloned 1 input feature(s) into 1 output feature(s)
2021-11-17 13:15:22|   2.3|  0.0|STATS |NVDBAPI_les_NVDBAPIlesFilter_Junction_3_Output Feature Counter 4 36 (TeeFactory): Cloned 1 input feature(s) into 1 output feature(s)
2021-11-17 13:15:22|   2.3|  0.0|STATS |NVDBAPI_les_NVDBAPIlesFilter_AttributeManager_8_OUTPUT Feature Counter 4 25 (TeeFactory): Cloned 1 input feature(s) into 1 output feature(s)
2021-11-17 13:15:22|   2.3|  0.0|STATS |NVDBAPI_les_NVDBAPIlesFilter_AttributeSplitter (TeeFactory): Cloned 1 input feature(s) into 1 output feature(s)
2021-11-17 13:15:22|   2.3|  0.0|STATS |NVDBAPI_les_NVDBAPIlesFilter_AttributeSplitter_OUTPUT Feature Counter 4 23 (TeeFactory): Cloned 1 input feature(s) into 1 output feature(s)
2021-11-17 13:15:22|   2.3|  0.0|STATS |NVDBAPI_les_NVDBAPIlesFilter_ListExploder_2 (ElementFactory): Split out 4 list elements from 1 input features
2021-11-17 13:15:22|   2.3|  0.0|STATS |NVDBAPI_les_NVDBAPIlesFilter_ListExploder_2_ELEMENTS Feature Counter 4 24 (TeeFactory): Cloned 4 input feature(s) into 4 output feature(s)
2021-11-17 13:15:22|   2.3|  0.0|STATS |NVDBAPI_les_NVDBAPIlesFilter_ListExploder_2_<REJECTED> Feature Counter 4 2147680263 (TeeFactory): Cloned 0 input feature(s) into 0 output feature(s)
2021-11-17 13:15:22|   2.3|  0.0|STATS |NVDBAPI_les_NVDBAPIlesFilter_Junction (TeeFactory): Cloned 4 input feature(s) into 4 output feature(s)
2021-11-17 13:15:22|   2.3|  0.0|STATS |NVDBAPI_les_NVDBAPIlesFilter_Junction_Output Feature Counter 4 27 (TeeFactory): Cloned 4 input feature(s) into 4 output feature(s)
2021-11-17 13:15:22|   2.3|  0.0|STATS |NVDBAPI_les_NVDBAPIlesFilter_AttributeCreator_OUTPUT Feature Counter 4 22 (TeeFactory): Cloned 4 input feature(s) into 4 output feature(s)
2021-11-17 13:15:22|   2.3|  0.0|STATS |NVDBAPI_les_NVDBAPIlesFilter_AttributeRemover_2 (TeeFactory): Cloned 4 input feature(s) into 4 output feature(s)
2021-11-17 13:15:22|   2.3|  0.0|STATS |NVDBAPI_les_NVDBAPIlesFilter_AttributeRemover_2_OUTPUT Feature Counter 4 37 (TeeFactory): Cloned 4 input feature(s) into 4 output feature(s)
2021-11-17 13:15:22|   2.3|  0.0|STATS |NVDBAPI_les_NVDBAPIlesFilter_Output_href1637151317 Output Collector (TeeFactory): Cloned 4 input feature(s) into 4 output feature(s)
2021-11-17 13:15:22|   2.3|  0.0|STATS |NVDBAPI_les_NVDBAPIlesFilter Output_href Output Renamer/Nuker (TeeFactory): Cloned 4 input feature(s) into 4 output feature(s)
2021-11-17 13:15:22|   2.3|  0.0|STATS |NVDBAPI_les_NVDBAPIlesFilter_Output_href Feature Counter 8 10 (TeeFactory): Cloned 4 input feature(s) into 4 output feature(s)
2021-11-17 13:15:22|   2.3|  0.0|STATS |NVDBAPI_les_NVDBAPIlesVegobjekter Input_href Input Collector (TeeFactory): Cloned 4 input feature(s) into 4 output feature(s)
2021-11-17 13:15:22|   2.3|  0.0|STATS |NVDBAPI_les_NVDBAPIlesVegobjekter_Input_href1637151317 Input Splitter (TeeFactory): Cloned 4 input feature(s) into 4 output feature(s)
2021-11-17 13:15:22|   2.3|  0.0|STATS |NVDBAPI_les_NVDBAPIlesVegobjekter_Input_href Feature Counter 7 23 (TeeFactory): Cloned 4 input feature(s) into 4 output feature(s)
2021-11-17 13:15:22|   2.3|  0.0|STATS |NVDBAPI_les_NVDBAPIlesVegobjekter_Loop1637151317 Input Splitter (TeeFactory): Cloned 4 input feature(s) into 4 output feature(s)
2021-11-17 13:15:22|   2.3|  0.0|STATS |NVDBAPI_les_NVDBAPIlesVegobjekter_Loop Feature Counter 7 24 (TeeFactory): Cloned 4 input feature(s) into 4 output feature(s)
2021-11-17 13:15:22|   2.3|  0.0|STATS |NVDBAPI_les_NVDBAPIlesVegobjekter_HTTPCaller_3 Output Splitter (TeeFactory): Cloned 8 input feature(s) into 16 output feature(s)
2021-11-17 13:15:22|   2.3|  0.0|STATS |NVDBAPI_les_NVDBAPIlesVegobjekter_HTTPCaller_3_Output_0_uvdnaSc6zrQ= Feature Counter 7 35 (TeeFactory): Cloned 8 input feature(s) into 8 output feature(s)
2021-11-17 13:15:22|   2.3|  0.0|STATS |NVDBAPI_les_NVDBAPIlesVegobjekter_HTTPCaller_3_Output_1_eC27TdiFpLs= Feature Counter 7 36 (TeeFactory): Cloned 8 input feature(s) into 8 output feature(s)
2021-11-17 13:15:22|   2.3|  0.0|STATS |NVDBAPI_les_NVDBAPIlesVegobjekter_HTTPCaller_3_<REJECTED> Feature Counter 7 2147680272 (TeeFactory): Cloned 0 input feature(s) into 0 output feature(s)
2021-11-17 13:15:22|   2.3|  0.0|STATS |NVDBAPI_les_NVDBAPIlesVegobjekter_AttributeRemover_2 (TeeFactory): Cloned 8 input feature(s) into 8 output feature(s)
2021-11-17 13:15:22|   2.3|  0.0|STATS |NVDBAPI_les_NVDBAPIlesVegobjekter_AttributeRemover_2_OUTPUT Feature Counter 7 40 (TeeFactory): Cloned 8 input feature(s) into 8 output feature(s)
2021-11-17 13:15:22|   2.3|  0.0|INFORM|NVDBAPI_les_NVDBAPIlesVegobjekter_XMLFragmenter_2 (XFMapFactory): Total Results: 8 Mapped Feature(s), 8 Input Feature(s), and 0 Invalid input Feature(s)
2021-11-17 13:15:22|   2.3|  0.0|STATS |NVDBAPI_les_NVDBAPIlesVegobjekter_XMLFragmenter_2_FRAGMENTS Feature Counter 7 25 (TeeFactory): Cloned 8 input feature(s) into 8 output feature(s)
2021-11-17 13:15:22|   2.3|  0.0|STATS |NVDBAPI_les_NVDBAPIlesVegobjekter_TestFilter (TeeFactory): Cloned 8 input feature(s) into 8 output feature(s)
2021-11-17 13:15:22|   2.3|  0.0|STATS |NVDBAPI_les_NVDBAPIlesVegobjekter_TestFilter_Condition_1 (TestFactory): Tested 8 input feature(s) -- 4 feature(s) passed and 4 feature(s) failed
2021-11-17 13:15:22|   2.3|  0.0|STATS |NVDBAPI_les_NVDBAPIlesVegobjekter_TestFilter_<lt>UNFILTERED<gt> (TeeFactory): Cloned 4 input feature(s) into 4 output feature(s)
2021-11-17 13:15:22|   2.3|  0.0|STATS |NVDBAPI_les_NVDBAPIlesVegobjekter_TestFilter <lt>UNFILTERED<gt> Transformer Output Nuker (TeeFactory): Cloned 4 input feature(s) into 0 output feature(s)
2021-11-17 13:15:22|   2.3|  0.0|STATS |NVDBAPI_les_NVDBAPIlesVegobjekter_TestFilter_Flere Feature Counter 7 26 (TeeFactory): Cloned 4 input feature(s) into 4 output feature(s)
2021-11-17 13:15:22|   2.3|  0.0|STATS |NVDBAPI_les_NVDBAPIlesVegobjekter_AttributeRemover_3 (TeeFactory): Cloned 4 input feature(s) into 4 output feature(s)
2021-11-17 13:15:22|   2.3|  0.0|STATS |NVDBAPI_les_NVDBAPIlesVegobjekter_AttributeRemover_3_OUTPUT Feature Counter 7 41 (TeeFactory): Cloned 4 input feature(s) into 4 output feature(s)
2021-11-17 13:15:22|   2.3|  0.0|INFORM|Optional `process_group' method not present; not called
2021-11-17 13:15:22|   2.3|  0.0|STATS |NVDBAPI_les_NVDBAPIlesVegobjekter_PythonCaller_3_OUTPUT Feature Counter 7 38 (TeeFactory): Cloned 8 input feature(s) into 8 output feature(s)
2021-11-17 13:15:22|   2.3|  0.0|INFORM|NVDBAPI_les_NVDBAPIlesVegobjekter_XMLFragmenter (XFMapFactory): Total Results: 42 Mapped Feature(s), 8 Input Feature(s), and 4 Invalid input Feature(s)
2021-11-17 13:15:22|   2.3|  0.0|STATS |NVDBAPI_les_NVDBAPIlesVegobjekter_XMLFragmenter_FRAGMENTS Feature Counter 7 28 (TeeFactory): Cloned 42 input feature(s) into 42 output feature(s)
2021-11-17 13:15:22|   2.3|  0.0|INFORM|Optional `process_group' method not present; not called
2021-11-17 13:15:22|   2.3|  0.0|INFORM|Optional `close' method not present; not called
2021-11-17 13:15:22|   2.3|  0.0|STATS |NVDBAPI_les_NVDBAPIlesVegobjekter_NVDBTranslator_2_OUTPUT Feature Counter 7 32 (TeeFactory): Cloned 42 input feature(s) into 42 output feature(s)
2021-11-17 13:15:22|   2.3|  0.0|STATS |NVDBAPI_les_NVDBAPIlesVegobjekter_AttributeExposer_2 (TeeFactory): Cloned 42 input feature(s) into 42 output feature(s)
2021-11-17 13:15:22|   2.3|  0.0|STATS |NVDBAPI_les_NVDBAPIlesVegobjekter_AttributeExposer_2_OUTPUT Feature Counter 7 39 (TeeFactory): Cloned 42 input feature(s) into 42 output feature(s)
2021-11-17 13:15:22|   2.3|  0.0|STATS |NVDBAPI_les_NVDBAPIlesVegobjekter_AttributeRemover (TeeFactory): Cloned 42 input feature(s) into 42 output feature(s)
2021-11-17 13:15:22|   2.3|  0.0|STATS |NVDBAPI_les_NVDBAPIlesVegobjekter_AttributeRemover_OUTPUT Feature Counter 7 37 (TeeFactory): Cloned 42 input feature(s) into 42 output feature(s)
2021-11-17 13:15:22|   2.3|  0.0|STATS |NVDBAPI_les_NVDBAPIlesVegobjekter_GeometryReplacer (TeeFactory): Cloned 42 input feature(s) into 42 output feature(s)
2021-11-17 13:15:22|   2.3|  0.0|STATS |NVDBAPI_les_NVDBAPIlesVegobjekter_GeometryReplacer_Rejector (TestFactory): Tested 42 input feature(s) -- 0 feature(s) passed and 42 feature(s) failed
2021-11-17 13:15:22|   2.3|  0.0|STATS |NVDBAPI_les_NVDBAPIlesVegobjekter_GeometryReplacer_OUTPUT Feature Counter 7 27 (TeeFactory): Cloned 42 input feature(s) into 42 output feature(s)
2021-11-17 13:15:22|   2.3|  0.0|STATS |NVDBAPI_les_NVDBAPIlesVegobjekter_GeometryReplacer_<REJECTED> Feature Counter 7 2147680264 (TeeFactory): Cloned 0 input feature(s) into 0 output feature(s)
2021-11-17 13:15:22|   2.3|  0.0|STATS |NVDBAPI_les_NVDBAPIlesVegobjekter_3DForcer (TeeFactory): Cloned 42 input feature(s) into 42 output feature(s)
2021-11-17 13:15:22|   2.3|  0.0|STATS |NVDBAPI_les_NVDBAPIlesVegobjekter_3DForcer_Rejector (TestFactory): Tested 42 input feature(s) -- 0 feature(s) passed and 42 feature(s) failed
2021-11-17 13:15:22|   2.3|  0.0|STATS |NVDBAPI_les_NVDBAPIlesVegobjekter_3DForcer_OUTPUT Feature Counter 7 34 (TeeFactory): Cloned 42 input feature(s) into 42 output feature(s)
2021-11-17 13:15:22|   2.3|  0.0|STATS |NVDBAPI_les_NVDBAPIlesVegobjekter_3DForcer_<REJECTED> Feature Counter 7 2147680271 (TeeFactory): Cloned 0 input feature(s) into 0 output feature(s)
2021-11-17 13:15:22|   2.3|  0.0|STATS |NVDBAPI_les_NVDBAPIlesVegobjekter_CoordinateSystemSetter_3 (TeeFactory): Cloned 42 input feature(s) into 42 output feature(s)
2021-11-17 13:15:22|   2.3|  0.0|STATS |NVDBAPI_les_NVDBAPIlesVegobjekter_CoordinateSystemSetter_3_OUTPUT Feature Counter 7 33 (TeeFactory): Cloned 42 input feature(s) into 42 output feature(s)
2021-11-17 13:15:22|   2.3|  0.0|STATS |NVDBAPI_les_NVDBAPIlesVegobjekter_Deaggregator (DeaggregateFactory): Split 42 input feature(s) into 0 point-in-polygon feature(s), 0 donut polygon(s), 0 polygon(s), 29 line(s), 13 point(s), and 0 aggregate(s)
2021-11-17 13:15:22|   2.3|  0.0|STATS |NVDBAPI_les_NVDBAPIlesVegobjekter_Deaggregator (DeaggregateFactory): 42 non-aggregate input features were routed through the factory
2021-11-17 13:15:22|   2.3|  0.0|STATS |NVDBAPI_les_NVDBAPIlesVegobjekter_Deaggregator_DEAGGREGATED Feature Counter 7 29 (TeeFactory): Cloned 42 input feature(s) into 42 output feature(s)
2021-11-17 13:15:22|   2.3|  0.0|STATS |NVDBAPI_les_NVDBAPIlesVegobjekter_NullAttributeMapper (TeeFactory): Cloned 42 input feature(s) into 42 output feature(s)
2021-11-17 13:15:22|   2.3|  0.0|STATS |NVDBAPI_les_NVDBAPIlesVegobjekter_NullAttributeMapper_OUTPUT Feature Counter 7 30 (TeeFactory): Cloned 42 input feature(s) into 42 output feature(s)
2021-11-17 13:15:22|   2.3|  0.0|STATS |NVDBAPI_les_NVDBAPIlesVegobjekter_StringConcatenator (TeeFactory): Cloned 42 input feature(s) into 42 output feature(s)
2021-11-17 13:15:22|   2.3|  0.0|STATS |NVDBAPI_les_NVDBAPIlesVegobjekter_StringConcatenator_OUTPUT Feature Counter 7 31 (TeeFactory): Cloned 42 input feature(s) into 42 output feature(s)
2021-11-17 13:15:22|   2.3|  0.0|STATS |NVDBAPI_les_NVDBAPIlesVegobjekter_AttributeRemover_4 (TeeFactory): Cloned 42 input feature(s) into 42 output feature(s)
2021-11-17 13:15:22|   2.3|  0.0|STATS |NVDBAPI_les_NVDBAPIlesVegobjekter_AttributeRemover_4_OUTPUT Feature Counter 7 42 (TeeFactory): Cloned 42 input feature(s) into 42 output feature(s)
2021-11-17 13:15:22|   2.3|  0.0|STATS |Loop to NVDBAPI_les_NVDBAPIlesVegobjekter_Loop1637151317 Input Splitter (BranchingFactory): Branched 4 input features -- 4 features routed to the target factory, and 0 features routed to the fallback factory.
2021-11-17 13:15:22|   2.3|  0.0|STATS |NVDBAPI_les_NVDBAPIlesVegobjekter_Output_feature1637151317 Output Collector (TeeFactory): Cloned 42 input feature(s) into 42 output feature(s)
2021-11-17 13:15:22|   2.3|  0.0|STATS |NVDBAPI_les_NVDBAPIlesVegobjekter Output_feature Output Renamer/Nuker (TeeFactory): Cloned 42 input feature(s) into 42 output feature(s)
2021-11-17 13:15:22|   2.3|  0.0|STATS |NVDBAPI_les_NVDBAPIlesVegobjekter_Output_feature Feature Counter 8 9 (TeeFactory): Cloned 42 input feature(s) into 42 output feature(s)
2021-11-17 13:15:22|   2.3|  0.0|STATS |NVDBAPI_les_Transformer Tester_Input Input Collector (TeeFactory): Cloned 42 input feature(s) into 42 output feature(s)
2021-11-17 13:15:22|   2.3|  0.0|STATS |NVDBAPI_les_Transformer_Tester_Input1637151317 Input Splitter (TeeFactory): Cloned 42 input feature(s) into 42 output feature(s)
2021-11-17 13:15:22|   2.3|  0.0|STATS |NVDBAPI_les_Transformer_Tester_Input Feature Counter 6 8 (TeeFactory): Cloned 42 input feature(s) into 42 output feature(s)
2021-11-17 13:15:22|   2.3|  0.0|STATS |NVDBAPI_les_Transformer_Tester (TestFactory): Tested 42 input feature(s) -- 42 feature(s) passed and 0 feature(s) failed
2021-11-17 13:15:22|   2.3|  0.0|STATS |NVDBAPI_les_Transformer_Tester_PASSED Feature Counter 6 10 (TeeFactory): Cloned 42 input feature(s) into 42 output feature(s)
2021-11-17 13:15:22|   2.3|  0.0|STATS |NVDBAPI_les_Transformer_Tester_FAILED Feature Counter 6 13 (TeeFactory): Cloned 0 input feature(s) into 0 output feature(s)
2021-11-17 13:15:22|   2.3|  0.0|STATS |NVDBAPI_les_Transformer_Reprojector (TeeFactory): Cloned 0 input feature(s) into 0 output feature(s)
2021-11-17 13:15:22|   2.3|  0.0|STATS |NVDBAPI_les_Transformer_Reprojector_REPROJECTED Feature Counter 6 11 (TeeFactory): Cloned 0 input feature(s) into 0 output feature(s)
2021-11-17 13:15:22|   2.3|  0.0|STATS |NVDBAPI_les_Transformer_CoordinateSystemSetter_2 (TeeFactory): Cloned 0 input feature(s) into 0 output feature(s)
2021-11-17 13:15:22|   2.3|  0.0|STATS |NVDBAPI_les_Transformer_CoordinateSystemSetter_2_OUTPUT Feature Counter 6 12 (TeeFactory): Cloned 0 input feature(s) into 0 output feature(s)
2021-11-17 13:15:22|   2.3|  0.0|STATS |NVDBAPI_les_Transformer_AttributeRemover (TeeFactory): Cloned 42 input feature(s) into 42 output feature(s)
2021-11-17 13:15:22|   2.3|  0.0|STATS |NVDBAPI_les_Transformer_AttributeRemover_OUTPUT Feature Counter 6 9 (TeeFactory): Cloned 42 input feature(s) into 42 output feature(s)
2021-11-17 13:15:22|   2.3|  0.0|STATS |NVDBAPI_les_Transformer_AttributeRemover_Output1637151317 Output Collector (TeeFactory): Cloned 42 input feature(s) into 42 output feature(s)
2021-11-17 13:15:22|   2.3|  0.0|STATS |NVDBAPI_les_Transformer AttributeRemover_Output Output Renamer/Nuker (TeeFactory): Cloned 42 input feature(s) into 42 output feature(s)
2021-11-17 13:15:22|   2.3|  0.0|STATS |NVDBAPI_les_Transformer_AttributeRemover_Output Feature Counter 8 12 (TeeFactory): Cloned 42 input feature(s) into 42 output feature(s)
2021-11-17 13:15:22|   2.3|  0.0|STATS |NVDBAPI_les_Output_NVDBfeatures1637151317 Output Collector (TeeFactory): Cloned 42 input feature(s) into 42 output feature(s)
2021-11-17 13:15:22|   2.3|  0.0|STATS |NVDBAPI_les Output_NVDBfeatures Output Renamer/Nuker (TeeFactory): Cloned 42 input feature(s) into 42 output feature(s)
2021-11-17 13:15:22|   2.3|  0.0|STATS |NVDBAPI_les Output_NVDBfeatures Splitter (TeeFactory): Cloned 42 input feature(s) into 84 output feature(s)
2021-11-17 13:15:22|   2.3|  0.0|STATS |NVDBAPI_les_Output_NVDBfeatures_0_vVt9vCoRrNo= Feature Counter -1 14 (TeeFactory): Cloned 42 input feature(s) into 42 output feature(s)
2021-11-17 13:15:22|   2.3|  0.0|STATS |NVDBAPI_les_Output_NVDBfeatures_1_0pHoKP+eFbw= Feature Counter -1 15 (TeeFactory): Cloned 42 input feature(s) into 42 output feature(s)
2021-11-17 13:15:22|   2.3|  0.0|STATS |Stored 42 feature(s) to FME feature store file `C:\Users\ingsko\AppData\Local\Temp\wb-inspectors-cESGOc\inspector.ffs'
2021-11-17 13:15:22|   2.3|  0.0|INFORM|Saving spatial index into file 'C:\Users\ingsko\AppData\Local\Temp\wb-inspectors-cESGOc\inspector.fsi'
2021-11-17 13:15:22|   2.3|  0.0|INFORM|Finished saving spatial index into file 'C:\Users\ingsko\AppData\Local\Temp\wb-inspectors-cESGOc\inspector.fsi'
2021-11-17 13:15:22|   2.3|  0.0|STATS |SchemaSetter_2 Input_2 Input Collector (TeeFactory): Cloned 42 input feature(s) into 42 output feature(s)
2021-11-17 13:15:22|   2.3|  0.0|STATS |SchemaSetter_2_Input_21637151317 Input Splitter (TeeFactory): Cloned 42 input feature(s) into 42 output feature(s)
2021-11-17 13:15:22|   2.3|  0.0|STATS |SchemaSetter_2_Input_2 Feature Counter 9 6 (TeeFactory): Cloned 42 input feature(s) into 42 output feature(s)
2021-11-17 13:15:22|   2.3|  0.0|STATS |SchemaSetter_2_ParameterFetcher (TeeFactory): Cloned 42 input feature(s) into 42 output feature(s)
2021-11-17 13:15:22|   2.3|  0.0|STATS |SchemaSetter_2_ParameterFetcher_OUTPUT Feature Counter 9 7 (TeeFactory): Cloned 42 input feature(s) into 42 output feature(s)
2021-11-17 13:15:22|   2.3|  0.0|INFORM|Optional `process_group' method not present; not called
2021-11-17 13:15:22|   2.3|  0.0|STATS |SchemaSetter_2_PythonCaller_OUTPUT Feature Counter 9 8 (TeeFactory): Cloned 42 input feature(s) into 42 output feature(s)
2021-11-17 13:15:22|   2.3|  0.0|STATS |SchemaSetter_2_Output_21637151317 Output Collector (TeeFactory): Cloned 42 input feature(s) into 42 output feature(s)
2021-11-17 13:15:22|   2.3|  0.0|STATS |SchemaSetter_2 Output_2 Output Renamer/Nuker (TeeFactory): Cloned 42 input feature(s) into 42 output feature(s)
2021-11-17 13:15:22|   2.3|  0.0|STATS |SchemaSetter_2_Output_2 Feature Counter -1 11 (TeeFactory): Cloned 42 input feature(s) into 42 output feature(s)
2021-11-17 13:15:22|   2.3|  0.0|STATS |Destination Feature Type Routing Correlator (RoutingFactory): Tested 0 input feature(s), wrote 0 output feature(s): 0 matched merge filters, 0 were routed to output, 0 could not be routed.
2021-11-17 13:15:22|   2.3|  0.0|STATS |Final Output Nuker (TeeFactory): Cloned 0 input feature(s) into 0 output feature(s)
2021-11-17 13:15:22|   2.3|  0.0|STATS |VisualizerProcessor (CreationFactory): Created 1 features
2021-11-17 13:15:22|   2.3|  0.0|STATS |VisualizerCleaner (TeeFactory): Cloned 1 input feature(s) into 0 output feature(s)
2021-11-17 13:15:22|   2.3|  0.0|STATS |=-=-=-=-=-=-=-=-=-=-=-=-=-=-=-=-=-=-=-=-=-=-=-=-=-=-=-=-=-=-=-=-=-=-=-=-=-=-=-
2021-11-17 13:15:22|   2.3|  0.0|STATS |                            Features Read Summary
2021-11-17 13:15:22|   2.3|  0.0|STATS |=-=-=-=-=-=-=-=-=-=-=-=-=-=-=-=-=-=-=-=-=-=-=-=-=-=-=-=-=-=-=-=-=-=-=-=-=-=-=-
2021-11-17 13:15:22|   2.3|  0.0|STATS |==============================================================================
2021-11-17 13:15:22|   2.3|  0.0|STATS |Total Features Read                                                          0
2021-11-17 13:15:22|   2.3|  0.0|STATS |=-=-=-=-=-=-=-=-=-=-=-=-=-=-=-=-=-=-=-=-=-=-=-=-=-=-=-=-=-=-=-=-=-=-=-=-=-=-=-
2021-11-17 13:15:22|   2.3|  0.0|STATS |=-=-=-=-=-=-=-=-=-=-=-=-=-=-=-=-=-=-=-=-=-=-=-=-=-=-=-=-=-=-=-=-=-=-=-=-=-=-=-
2021-11-17 13:15:22|   2.3|  0.0|STATS |                           Features Written Summary
2021-11-17 13:15:22|   2.3|  0.0|STATS |=-=-=-=-=-=-=-=-=-=-=-=-=-=-=-=-=-=-=-=-=-=-=-=-=-=-=-=-=-=-=-=-=-=-=-=-=-=-=-
2021-11-17 13:15:22|   2.3|  0.0|STATS |==============================================================================
2021-11-17 13:15:22|   2.3|  0.0|STATS |Total Features Written                                                       0
2021-11-17 13:15:22|   2.3|  0.0|STATS |=-=-=-=-=-=-=-=-=-=-=-=-=-=-=-=-=-=-=-=-=-=-=-=-=-=-=-=-=-=-=-=-=-=-=-=-=-=-=-
2021-11-17 13:15:22|   2.3|  0.0|INFORM|Translation was SUCCESSFUL with 1 warning(s) (0 feature(s) output)
2021-11-17 13:15:22|   2.3|  0.0|INFORM|FME Session Duration: 3.8 seconds. (CPU: 1.8s user, 0.5s system)
2021-11-17 13:15:22|   2.3|  0.0|INFORM|END - ProcessID: 19552, peak process memory usage: 150548 kB, current process memory usage: 147328 kB
